COMMAND:	macs 20 10000 -t 0.001 -r 0.0004 -s 100000 -h 1e5 -I 2 10 10 -ej 0.0025 1 2
SEED:	100000
SITE:	0	   0.0705276367	    0.018288427	00000000000000100000
SITE:	1	   0.0773083074	   0.0237051846	00100100001000000000
SITE:	2	    0.141827334	    0.143163092	00000000000000000011
SITE:	3	    0.144695839	   0.0483473594	01000000000100001000
SITE:	4	    0.148809003	  0.00850715393	00000100000000000000
SITE:	5	    0.169434171	   0.0967640915	00000000100010000000
SITE:	6	    0.181985945	   0.0263048436	00000000000000000100
SITE:	7	    0.193180539	   0.0146845653	00000000000100000000
SITE:	8	     0.21844322	     2.28537524	11000011110111101111
SITE:	9	    0.244852453	    0.970259327	00111100001000010011
SITE:	10	    0.256794131	    0.770619503	11000011110111101100
SITE:	11	    0.298170765	     0.21358764	00111100001000010011
SITE:	12	    0.344656974	   0.0195629769	00000010010000000000
SITE:	13	    0.372631514	    0.251223945	00111100001000010000
SITE:	14	    0.468767313	    0.289463446	00111100001000010000
SITE:	15	    0.491370823	    0.520620996	11000011110111101111
SITE:	16	    0.497166281	     2.17435403	11000011110111101111
SITE:	17	    0.542687155	     2.23610861	11000011110111101111
SITE:	18	    0.567144847	     1.02545117	00111100001000010000
SITE:	19	    0.567368208	     2.54519848	00111100001000010000
SITE:	20	    0.573822118	     1.05781511	11000011110111101111
SITE:	21	    0.575989391	     2.52912732	00111100001000010000
SITE:	22	    0.581127352	     2.05732047	11000011110111101111
SITE:	23	    0.602843268	    0.786751022	00111100001000010000
SITE:	24	    0.633125154	     1.42631709	00111100001000010000
SITE:	25	    0.645520699	    0.842026003	11000011110111101111
SITE:	26	    0.660214656	   0.0115220652	00000000100000000000
SITE:	27	    0.683393244	    0.833282588	00111100001000010000
SITE:	28	    0.708882773	     0.92466475	11000011110111101111
SITE:	29	    0.746408379	   0.0923102485	01000011010100101000
SITE:	30	    0.803594527	   0.0329815579	00000001000000000000
SITE:	31	     0.80459505	     1.69050967	00111100001000010000
SITE:	32	    0.811848332	      1.4976882	11000011110111101111
SITE:	33	    0.862597683	   0.0180672832	00000000000001000000
SITE:	34	    0.874138479	     1.02609625	11000011110111101111
SITE:	35	    0.933816125	   0.0220868121	01000000000000001000
SITE:	36	    0.968021389	    0.191961098	00000000000010000000
SITE:	37	    0.982665522	    0.336600371	11000011010111101100
TOTAL_SAMPLES:	20
TOTAL_SITES:	38
BEGIN_SELECTED_SITES
0	1	2	3	4	5	6	7	8	9	10	11	12	13	14	15	16	17	18	19	20	21	22	23	24	25	26	27	28	29	30	31	32	33	34	35	36	37
END_SELECTED_SITES
